<?xml version="1.0" encoding="UTF-8"?>
<!-- Generated by org.testng.reporters.JUnitXMLReporter -->
<testsuite ignored="1" hostname="Venkat" failures="0" tests="7" name="Testchrome" time="0.343" errors="0" timestamp="2025-01-04T23:12:26 IST">
  <testcase classname="TestRunner.TestCases" name="@BeforeSuite Verify_url_launch" time="-1.736012546463E9">
    <failure type="org.testng.TestNGException" message="
Parameter &amp;apos;browser&amp;apos; is required by BeforeSuite on method Verify_url_launch but has not been marked @Optional or defined
in E:\Eclipse\AdactinHotelApp\testng.xml">
      <![CDATA[org.testng.TestNGException: 
Parameter 'browser' is required by BeforeSuite on method Verify_url_launch but has not been marked @Optional or defined
in E:\Eclipse\AdactinHotelApp\testng.xml
... Removed 16 stack frames]]>
    </failure>
  </testcase> <!-- @BeforeSuite Verify_url_launch -->
  <testcase classname="TestRunner.TestCases" name="HotleApp" time="0.0">
    <skipped/>
  </testcase> <!-- HotleApp -->
  <testcase classname="TestRunner.TestCases" name="Login" time="0.0">
    <skipped/>
  </testcase> <!-- Login -->
  <testcase classname="TestRunner.TestCases" name="Search_Hotel" time="0.0">
    <skipped/>
  </testcase> <!-- Search_Hotel -->
  <testcase classname="TestRunner.TestCases" name="Confrom_Hotel" time="0.0">
    <skipped/>
  </testcase> <!-- Confrom_Hotel -->
  <testcase classname="TestRunner.TestCases" name="Book_Hotel" time="0.0">
    <skipped/>
  </testcase> <!-- Book_Hotel -->
  <testcase classname="TestRunner.TestCases" name="Payments" time="0.0">
    <skipped/>
  </testcase> <!-- Payments -->
  <testcase classname="TestRunner.TestCases" name="getHotelbookingid" time="0.0">
    <skipped/>
  </testcase> <!-- getHotelbookingid -->
  <testcase classname="TestRunner.TestCases" name="HotleApp1" time="0.0">
    <ignored/>
  </testcase> <!-- HotleApp1 -->
</testsuite> <!-- Testchrome -->
