<?xml version="1.0" encoding="UTF-8"?>
<!-- Generated by org.testng.reporters.JUnitXMLReporter -->
<testsuite ignored="0" hostname="Venkat" failures="1" tests="2" name="Test" time="0.074" errors="0" timestamp="2024-12-29T16:47:33 IST">
  <testcase classname="TestRunner.TestSuite01" name="@AfterMethod tearDown" time="0.0">
    <failure type="java.lang.NullPointerException" message="Cannot invoke &amp;quot;org.openqa.selenium.WebDriver.close()&amp;quot; because &amp;quot;this.driver&amp;quot; is null">
      <![CDATA[java.lang.NullPointerException: Cannot invoke "org.openqa.selenium.WebDriver.close()" because "this.driver" is null
at TestRunner.TestSuite01.tearDown(TestSuite01.java:56)
at java.base/java.util.ArrayList.forEach(ArrayList.java:1596)
... Removed 30 stack frames]]>
    </failure>
  </testcase> <!-- @AfterMethod tearDown -->
  <testcase classname="TestRunner.TestSuite01" name="verify_heading" time="0.012">
    <failure type="java.lang.NullPointerException" message="Cannot invoke &amp;quot;org.openqa.selenium.WebDriver.findElement(org.openqa.selenium.By)&amp;quot; because &amp;quot;Gen_Wrap.Wrap.driver&amp;quot; is null">
      <![CDATA[java.lang.NullPointerException: Cannot invoke "org.openqa.selenium.WebDriver.findElement(org.openqa.selenium.By)" because "Gen_Wrap.Wrap.driver" is null
at Gen_Wrap.Wrap.locateElement(Wrap.java:18)
at Function_Defention.FunctionRun01.check_headingDisplayed(FunctionRun01.java:22)
at TestRunner.TestSuite01.verify_heading(TestSuite01.java:35)
at java.base/java.util.ArrayList.forEach(ArrayList.java:1596)
... Removed 25 stack frames]]>
    </failure>
  </testcase> <!-- verify_heading -->
  <testcase classname="TestRunner.TestSuite01" name="verify_disable" time="0.0">
    <skipped/>
  </testcase> <!-- verify_disable -->
</testsuite> <!-- Test -->
